<?xml version="1.0" encoding="UTF-8"?>
<!-- Generated by org.testng.reporters.JUnitReportReporter -->
<testsuite hostname="hp-PC" name="TestCaseExecution.ParametersTestngTest" tests="1" failures="0" timestamp="26 Apr 2021 14:46:12 GMT" time="34.002" errors="0">
  <testcase name="LoginFunctionality_One" time="34.002" classname="TestCaseExecution.ParametersTestngTest"/>
</testsuite> <!-- TestCaseExecution.ParametersTestngTest -->
