<?xml version="1.0" encoding="UTF-8"?>
<!-- Generated by org.testng.reporters.JUnitReportReporter -->
<testsuite hostname="hp-PC" name="Basicseleniumconcept.dropdownconcepts" tests="1" failures="0" timestamp="29 Apr 2021 09:43:23 GMT" time="44.905" errors="0">
  <testcase name="handlewindow" time="44.905" classname="Basicseleniumconcept.dropdownconcepts"/>
</testsuite> <!-- Basicseleniumconcept.dropdownconcepts -->
