<?xml version="1.0" encoding="UTF-8"?>
<!-- Generated by org.testng.reporters.JUnitReportReporter -->
<testsuite hostname="hp-PC" name="TestCaseExecution.InvocationCountConcept" tests="2" failures="0" timestamp="26 Apr 2021 14:52:07 GMT" time="56.313" errors="0">
  <testcase name="add" time="26.574" classname="TestCaseExecution.InvocationCountConcept"/>
  <testcase name="add" time="29.739" classname="TestCaseExecution.InvocationCountConcept"/>
</testsuite> <!-- TestCaseExecution.InvocationCountConcept -->
