<?xml version="1.0" encoding="UTF-8"?>
<!-- Generated by org.testng.reporters.JUnitReportReporter -->
<testsuite hostname="hp-PC" name="Basicseleniumconcept.WindowHandleConcept" tests="1" failures="0" timestamp="29 Apr 2021 09:33:17 GMT" time="68.396" errors="0">
  <testcase name="handlewindow" time="68.396" classname="Basicseleniumconcept.WindowHandleConcept"/>
</testsuite> <!-- Basicseleniumconcept.WindowHandleConcept -->
