<?xml version="1.0" encoding="UTF-8"?>
<!-- Generated by org.testng.reporters.JUnitReportReporter -->
<testsuite hostname="hp-PC" name="TestCaseExecution.AdminTest" tests="1" failures="0" timestamp="23 Apr 2021 08:46:59 GMT" time="35.579" errors="0">
  <testcase name="LoginFunctionality" time="35.579" classname="TestCaseExecution.AdminTest"/>
</testsuite> <!-- TestCaseExecution.AdminTest -->
