<?xml version="1.0" encoding="UTF-8"?>
<!-- Generated by org.testng.reporters.JUnitReportReporter -->
<testsuite hostname="hp-PC" name="TestCaseExecution.LoginPageTest" tests="1" failures="0" timestamp="23 Apr 2021 08:32:36 GMT" time="41.945" errors="0">
  <testcase name="LoginFunctionality" time="41.945" classname="TestCaseExecution.LoginPageTest"/>
</testsuite> <!-- TestCaseExecution.LoginPageTest -->
