<?xml version="1.0" encoding="UTF-8"?>
<!-- Generated by org.testng.reporters.JUnitReportReporter -->
<testsuite hostname="hp-PC" name="Basicseleniumconcept.IframeConcept" tests="1" failures="0" timestamp="29 Apr 2021 10:08:20 GMT" time="11.066" errors="0">
  <testcase name="handlewindow" time="11.066" classname="Basicseleniumconcept.IframeConcept"/>
</testsuite> <!-- Basicseleniumconcept.IframeConcept -->
